12/27/14 00:08:09: ProcessManager: [6764] Process created
12/27/14 00:08:12: ProcessManager: [6764] Process closed by itself
12/27/14 00:08:12: ProcessManager: [6576] Process created
12/27/14 00:08:14: ProcessManager: [6576] Process manual shutdown failed
12/27/14 00:11:08:ProcessManager: [2640] Process created
12/27/14 00:11:10:ProcessManager: [2640] Process closed by itself
12/27/14 00:11:10:ProcessManager: [4580] Process created
12/27/14 00:11:11:ProcessManager: [4580] Process closed by itself
12/27/14 00:11:11:ProcessManager: [3820] Process created
12/27/14 00:11:11:ProcessManager: [3820] Process closed by itself
12/27/14 00:11:11:ProcessManager: [4436] Process created
12/27/14 00:11:14:ProcessManager: [4436] Process manual shutdown failed
12/27/14 00:11:16:ProcessManager: [4436] Process manually stopped
12/27/14 00:14:09:ProcessManager: [7340] Process created
12/27/14 00:14:13:ProcessManager: [7340] Process closed by itself
12/27/14 00:14:13:ProcessManager: [2904] Process created
12/27/14 00:14:13:ProcessManager: [2904] Process closed by itself
12/27/14 00:14:13:ProcessManager: [7836] Process created
12/27/14 00:14:16:ProcessManager: [7836] Process manual shutdown failed
12/27/14 00:14:17:ProcessManager: [7836] Process manually stopped
12/27/14 01:38:02:ProcessManager: [7532] Process created
12/27/14 01:38:05:ProcessManager: [7532] Process closed by itself
12/27/14 01:38:05:ProcessManager: [7820] Process created
12/27/14 01:38:06:ProcessManager: [7820] Process closed by itself
12/27/14 01:38:06:ProcessManager: [4924] Process created
12/27/14 01:38:07:ProcessManager: [4924] Process closed by itself
12/27/14 01:38:07:ProcessManager: [7352] Process created
12/27/14 01:38:09:ProcessManager: [7352] Process manual shutdown failed
12/27/14 01:38:17:ProcessManager: [7352] Process manually stopped
12/27/14 01:38:17:ProcessManager: [6880] Process created
12/27/14 01:38:20:ProcessManager: [6880] Process manual shutdown failed
12/27/14 02:04:53:ProcessManager: [5936] Process created
12/27/14 02:04:55:ProcessManager: [5936] Process closed by itself
12/27/14 02:04:55:ProcessManager: [5992] Process created
12/27/14 02:04:56:ProcessManager: [5992] Process closed by itself
12/27/14 02:04:56:ProcessManager: [4144] Process created
12/27/14 02:04:57:ProcessManager: [4144] Process closed by itself
12/27/14 02:04:57:ProcessManager: [6752] Process created
12/27/14 02:04:58:ProcessManager: [6752] Process closed by itself
12/27/14 02:04:58:ProcessManager: [6052] Process created
12/27/14 02:04:58:ProcessManager: [6052] Process closed by itself
12/27/14 02:04:58:ProcessManager: [3536] Process created
12/27/14 02:05:01:ProcessManager: [3536] Process manual shutdown failed
12/27/14 02:05:03:ProcessManager: [3536] Process manually stopped
12/27/14 02:22:27:ProcessManager: [5488] Process created
12/27/14 02:22:29:ProcessManager: [5488] Process closed by itself
12/27/14 02:22:29:ProcessManager: [7848] Process created
12/27/14 02:22:30:ProcessManager: [7848] Process closed by itself
12/27/14 02:22:30:ProcessManager: [5008] Process created
12/27/14 02:22:30:ProcessManager: [5008] Process closed by itself
12/27/14 02:22:30:ProcessManager: [7892] Process created
12/27/14 02:22:31:ProcessManager: [7892] Process closed by itself
12/27/14 02:22:31:ProcessManager: [5756] Process created
12/27/14 02:22:32:ProcessManager: [5756] Process closed by itself
12/27/14 02:22:32:ProcessManager: [8156] Process created
12/27/14 02:22:32:ProcessManager: [8156] Process closed by itself
12/27/14 02:22:32:ProcessManager: [6776] Process created
12/27/14 02:22:35:ProcessManager: [6776] Process manual shutdown failed
12/27/14 02:22:42:ProcessManager: [6776] Process manually stopped
12/27/14 02:31:44:ProcessManager: [5488] Process created
12/27/14 02:31:47:ProcessManager: [5488] Process closed by itself
12/27/14 02:31:47:ProcessManager: [7000] Process created
12/27/14 02:31:50:ProcessManager: [7000] Process manual shutdown failed
12/27/14 02:32:38:ProcessManager: [6420] Process created
12/27/14 02:32:53:ProcessManager: [6420] Process closed by itself
12/27/14 02:32:53:ProcessManager: [3468] Process created
12/27/14 02:32:55:ProcessManager: [3468] Process manual shutdown failed
12/27/14 02:34:26:ProcessManager: [6276] Process created
12/27/14 02:34:28:ProcessManager: [6276] Process closed by itself
12/27/14 02:34:28:ProcessManager: [2376] Process created
12/27/14 02:34:29:ProcessManager: [2376] Process closed by itself
12/27/14 02:34:29:ProcessManager: [4996] Process created
12/27/14 02:34:31:ProcessManager: [4996] Process manual shutdown failed
12/27/14 02:34:31:ProcessManager: [4996] Process closed by itself
12/27/14 02:34:31:ProcessManager: [7488] Process created
12/27/14 02:34:35:ProcessManager: [7488] Process manual shutdown failed
12/27/14 02:39:25:ProcessManager: [6352] Process created
12/27/14 02:39:49:ProcessManager: [6352] Process manual shutdown failed
12/27/14 02:40:32:ProcessManager: [6352] Process manually stopped
12/27/14 02:41:08:ProcessManager: [3356] Process created
12/27/14 02:41:12:ProcessManager: [3356] Process manual shutdown failed
12/27/14 02:41:23:ProcessManager: [3356] Process manually stopped
12/27/14 02:41:23:ProcessManager: [4048] Process created
12/27/14 02:41:26:ProcessManager: [4048] Process closed by itself
12/27/14 02:41:26:ProcessManager: [6736] Process created
12/27/14 02:41:27:ProcessManager: [6736] Process closed by itself
12/27/14 02:41:27:ProcessManager: [5256] Process created
12/27/14 02:41:29:ProcessManager: [5256] Process manual shutdown failed
12/27/14 02:42:00:ProcessManager: [4648] Process created
12/27/14 02:42:02:ProcessManager: [4648] Process manual shutdown failed
12/27/14 02:42:03:ProcessManager: [4184] Process created
12/27/14 02:42:08:ProcessManager: [4184] Process closed by itself
12/27/14 02:42:08:ProcessManager: [3992] Process created
12/27/14 02:42:09:ProcessManager: [3992] Process closed by itself
12/27/14 02:42:09:ProcessManager: [3564] Process created
12/27/14 02:42:09:ProcessManager: [3564] Process closed by itself
12/27/14 02:42:09:ProcessManager: [6260] Process created
12/27/14 02:42:10:ProcessManager: [6260] Process closed by itself
12/27/14 02:42:10:ProcessManager: [7036] Process created
12/27/14 02:42:12:ProcessManager: [7036] Process manual shutdown failed
12/27/14 02:42:12:ProcessManager: [7036] Process closed by itself
12/27/14 02:42:12:ProcessManager: [5876] Process created
12/27/14 02:42:17:ProcessManager: [5876] Process manual shutdown failed
12/27/14 02:42:27:ProcessManager: [4996] Process created
12/27/14 02:42:30:ProcessManager: [4996] Process manual shutdown failed
12/27/14 02:42:30:ProcessManager: [4996] Process closed by itself
12/27/14 02:42:30:ProcessManager: [2476] Process created
12/27/14 02:42:33:ProcessManager: [2476] Process manual shutdown failed
12/27/14 02:42:35:ProcessManager: [1852] Process created
12/27/14 02:42:37:ProcessManager: [1852] Process closed by itself
12/27/14 02:42:37:ProcessManager: [4084] Process created
12/27/14 02:42:37:ProcessManager: [4084] Process closed by itself
12/27/14 02:42:37:ProcessManager: [1788] Process created
12/27/14 02:42:38:ProcessManager: [1788] Process closed by itself
12/27/14 02:42:38:ProcessManager: [5156] Process created
12/27/14 02:42:41:ProcessManager: [5156] Process manual shutdown failed
12/27/14 02:42:44:ProcessManager: [5156] Process manually stopped
12/27/14 02:43:01:ProcessManager: [5520] Process created
12/27/14 02:43:04:ProcessManager: [5520] Process manual shutdown failed
12/27/14 02:43:04:ProcessManager: [5520] Process closed by itself
12/27/14 02:43:04:ProcessManager: [4888] Process created
12/27/14 02:43:06:ProcessManager: [4888] Process manual shutdown failed
12/27/14 02:43:11:ProcessManager: [4888] Process manually stopped
12/27/14 02:48:37:ProcessManager: [2684] Process created
12/27/14 02:48:40:ProcessManager: [2684] Process manual shutdown failed
12/27/14 02:48:41:ProcessManager: [5100] Process created
12/27/14 02:48:43:ProcessManager: [5100] Process manual shutdown failed
12/27/14 02:48:46:ProcessManager: [5100] Process manually stopped
12/27/14 02:48:46:ProcessManager: [3584] Process created
12/27/14 02:48:51:ProcessManager: [3584] Process manual shutdown failed
12/27/14 03:05:51:ProcessManager: [8048] Process created
12/27/14 03:05:56:ProcessManager: [8048] Process manual shutdown failed
